\o Program:		@(#)$CDS: libManager version 6.1.7 - CAT35 09/11/2017 15:13 (sjfnl050) $
\o Sub version:		sub-version  s057 
\o Arguments:		-unmapped -mpssession virtuoso53689 -mpshost ee4610.ewi.tudelft.nl 
\o Working Directory:	ee4610.ewi.tudelft.nl:/home/datyukov/tsmcBCD
\o 64-bit offsets
\o Qt version: 		4.8.5
\o changeWorkingDir("/home/datyukov/tsmcBCD") unnecessary.
\o ddSetForcedLib("") unnecessary.
\o Log file is "/home/datyukov/tsmcBCD/libManager.log".
\o Opening libManager window.
\a nrSetWindowVisibility(cdsLibManager "show")
\o MPS service: map window
\o Library Manager customization server connected.
\a nrSetCurrentWindow(cdsLibManager)
\a nrResizeWindow(cdsLibManager list(0 0 602 491))
\a nrResizeWindow(cdsLibManager list(1892 40 1920 2262))
\a nrSetCurrentWindow(cdsLibManager)
\a cdsLibManager->FileNewLibButton->value = t
\a nrSetWindowVisibility(NewLibShell "show")
\a NewLibShell->QLineEdit2->value = "/home/datyukov/tsmcBCD/"
\a nrSetCurrentWindow(NewLibShell)
\a nrSetCurrentWindow(NewLibShell->subDialog)
\a nrResizeWindow(NewLibShell list(0 0 507 559))
\a NewLibShell->newLibNameText->value = "ee4610"
\a NewLibShell->newLibOKButton->value = t
\a NewLibShell->subDialog->value = '("/home/datyukov/tsmcBCD" "/home/datyukov/tsmcBCD/")
\a nrSetWindowVisibility(workingDialogForm "show")
\a nrSetCurrentWindow(workingDialogForm)
\o Created new library "ee4610" at /home/datyukov/tsmcBCD/ee4610.
\a nrSetCurrentWindow(cdsLibManager)
\a nrResizeWindow(workingDialogForm list(2738 773 284 133))
\a nrSetCurrentWindow(cdsLibManager)
\a nrSetCurrentWindow(cdsLibManager)
\a nrSetCurrentWindow(cdsLibManager)
\a cdsLibManager->libListBox->value = "tsmc18"
\a cdsLibManager->libLineEdit->value = "tsmc18"
\a cdsLibManager->libListBox->value = "ee4610"
\a cdsLibManager->libLineEdit->value = "ee4610"
\a cdsLibManager->libLineEdit->value = ""
\a cdsLibManager->libListBox->value = nil
\a nrListItemAction(cdsLibManager->libListBox "ee4610" 0)
\a cdsLibManager->libListBox->value = "ee4610"
\a cdsLibManager->libLineEdit->value = "ee4610"
\a cdsLibManager->FileNewCVButton->value = t
\a nrSetCurrentWindow(cdsLibManager)
\a cdsLibManager->FileNewCVButton->value = t
\a nrSetCurrentWindow(cdsLibManager)
